Initial log
Tue Nov 25 16:25:56 UTC 2025 - automated update
Wed Nov 26 06:16:20 UTC 2025 - automated update
Thu Nov 27 06:16:45 UTC 2025 - automated update
Fri Nov 28 06:17:02 UTC 2025 - automated update
Sat Nov 29 06:14:39 UTC 2025 - automated update
Sun Nov 30 06:15:27 UTC 2025 - automated update
Mon Dec  1 06:18:16 UTC 2025 - automated update
Tue Dec  2 06:17:36 UTC 2025 - automated update
Wed Dec  3 06:17:11 UTC 2025 - automated update
Thu Dec  4 06:16:47 UTC 2025 - automated update
Fri Dec  5 06:16:54 UTC 2025 - automated update
Sat Dec  6 06:14:38 UTC 2025 - automated update
Sun Dec  7 06:14:46 UTC 2025 - automated update
Mon Dec  8 06:18:56 UTC 2025 - automated update
Tue Dec  9 06:17:35 UTC 2025 - automated update
Wed Dec 10 06:17:53 UTC 2025 - automated update
Thu Dec 11 06:18:11 UTC 2025 - automated update
Fri Dec 12 06:17:51 UTC 2025 - automated update
Sat Dec 13 06:15:09 UTC 2025 - automated update
